{"total": {"lines":{"total":19,"covered":19,"skipped":0,"pct":100},"statements":{"total":23,"covered":22,"skipped":0,"pct":95.65},"functions":{"total":9,"covered":8,"skipped":0,"pct":88.89},"branches":{"total":8,"covered":4,"skipped":0,"pct":50}}
,"/home/giovanni/Documentos/giovanni/git/novo-shopping-cart/sd-0x-project-shopping-cart/helpers/fetchItem.js": {"lines":{"total":6,"covered":6,"skipped":0,"pct":100},"functions":{"total":3,"covered":3,"skipped":0,"pct":100},"statements":{"total":7,"covered":7,"skipped":0,"pct":100},"branches":{"total":2,"covered":1,"skipped":0,"pct":50}}
,"/home/giovanni/Documentos/giovanni/git/novo-shopping-cart/sd-0x-project-shopping-cart/helpers/fetchProducts.js": {"lines":{"total":7,"covered":7,"skipped":0,"pct":100},"functions":{"total":4,"covered":4,"skipped":0,"pct":100},"statements":{"total":8,"covered":8,"skipped":0,"pct":100},"branches":{"total":2,"covered":1,"skipped":0,"pct":50}}
,"/home/giovanni/Documentos/giovanni/git/novo-shopping-cart/sd-0x-project-shopping-cart/helpers/getSavedCartItems.js": {"lines":{"total":3,"covered":3,"skipped":0,"pct":100},"functions":{"total":1,"covered":0,"skipped":0,"pct":0},"statements":{"total":4,"covered":3,"skipped":0,"pct":75},"branches":{"total":2,"covered":1,"skipped":0,"pct":50}}
,"/home/giovanni/Documentos/giovanni/git/novo-shopping-cart/sd-0x-project-shopping-cart/helpers/saveCartItems.js": {"lines":{"total":3,"covered":3,"skipped":0,"pct":100},"functions":{"total":1,"covered":1,"skipped":0,"pct":100},"statements":{"total":4,"covered":4,"skipped":0,"pct":100},"branches":{"total":2,"covered":1,"skipped":0,"pct":50}}
}
